<?xml version="1.0" encoding="UTF-8"?><testsuite errors="0" failures="1" name="Test Choucair" skipped="0" tests="1" time="18.78" timestamp="2022-05-10 04:59:53"><testcase name="standard user product selection"><failure message="Expected enabled element was not enabled" type="net.thucydides.core.webdriver.exceptions.ElementShouldBeEnabledException">Expected enabled element was not enabled</failure><system-err>Expected enabled element was not enabled&#13;
co.com.choucair.reto.tasks.Login.performAs(Login.java:17)&#13;
co.com.choucair.reto.stepdefinitions.co.com.choucair.reto.stepdefinitions.thanTheUserPedroWantsToSelectAProduct(stepdefinitions.java:22)&#13;
cucumber.runner.Runner.runPickle(Runner.java:80)&#13;
</system-err></testcase></testsuite>